{"level":"info","message":"PostgreSQL Connected","timestamp":"2024-07-25T12:45:40.521Z"}
{"level":"error","message":"Error connecting to DB: Could not connect to any servers in your MongoDB Atlas cluster. One common reason is that you're trying to access the database from an IP that isn't whitelisted. Make sure your current IP address is on your Atlas cluster's IP whitelist: https://www.mongodb.com/docs/atlas/security-whitelist/","timestamp":"2024-07-25T12:46:10.605Z"}
{"level":"info","message":"PostgreSQL Connected","timestamp":"2024-07-25T12:46:33.400Z"}
{"level":"info","message":"PostgreSQL Connected","timestamp":"2024-07-25T12:46:40.332Z"}
{"level":"error","message":"Error connecting to DB: Could not connect to any servers in your MongoDB Atlas cluster. One common reason is that you're trying to access the database from an IP that isn't whitelisted. Make sure your current IP address is on your Atlas cluster's IP whitelist: https://www.mongodb.com/docs/atlas/security-whitelist/","timestamp":"2024-07-25T12:47:10.568Z"}
{"level":"info","message":"Attempting to connect to MongoDB...","timestamp":"2024-07-25T12:49:21.246Z"}
{"level":"info","message":"PostgreSQL Connected","timestamp":"2024-07-25T12:49:21.336Z"}
{"level":"info","message":"Attempting to connect to MongoDB...","timestamp":"2024-07-25T12:49:32.102Z"}
{"level":"info","message":"PostgreSQL Connected","timestamp":"2024-07-25T12:49:32.154Z"}
{"level":"error","message":"Error connecting to DB: Could not connect to any servers in your MongoDB Atlas cluster. One common reason is that you're trying to access the database from an IP that isn't whitelisted. Make sure your current IP address is on your Atlas cluster's IP whitelist: https://www.mongodb.com/docs/atlas/security-whitelist/","timestamp":"2024-07-25T12:50:02.285Z"}
{"level":"info","message":"Attempting to connect to MongoDB...","timestamp":"2024-07-25T12:50:45.104Z"}
{"level":"info","message":"PostgreSQL Connected","timestamp":"2024-07-25T12:50:45.159Z"}
{"level":"info","message":"MongoDB Connected","timestamp":"2024-07-25T12:50:48.547Z"}
{"level":"info","message":"Listening on 127.0.0.1:8080","timestamp":"2024-07-25T12:50:48.555Z"}
{"level":"info","message":"Attempting to connect to MongoDB...","timestamp":"2024-07-25T13:45:55.108Z"}
{"level":"info","message":"PostgreSQL Connected","timestamp":"2024-07-25T13:45:55.167Z"}
{"level":"error","message":"Error connecting to DB: Could not connect to any servers in your MongoDB Atlas cluster. One common reason is that you're trying to access the database from an IP that isn't whitelisted. Make sure your current IP address is on your Atlas cluster's IP whitelist: https://www.mongodb.com/docs/atlas/security-whitelist/","timestamp":"2024-07-25T13:46:25.565Z"}
{"level":"info","message":"Attempting to connect to MongoDB...","timestamp":"2024-07-25T13:47:07.768Z"}
{"level":"info","message":"PostgreSQL Connected","timestamp":"2024-07-25T13:47:07.826Z"}
{"level":"info","message":"MongoDB Connected","timestamp":"2024-07-25T13:47:08.285Z"}
{"level":"info","message":"Listening on 127.0.0.1:8080","timestamp":"2024-07-25T13:47:08.292Z"}
{"level":"info","message":"Attempting to connect to MongoDB...","timestamp":"2024-07-25T13:51:00.810Z"}
{"level":"info","message":"PostgreSQL Connected","timestamp":"2024-07-25T13:51:00.866Z"}
{"level":"info","message":"MongoDB Connected","timestamp":"2024-07-25T13:51:01.402Z"}
{"level":"info","message":"Listening on 127.0.0.1:8080","timestamp":"2024-07-25T13:51:01.407Z"}
{"level":"info","message":"Attempting to connect to MongoDB...","timestamp":"2024-07-25T13:51:23.218Z"}
{"level":"info","message":"PostgreSQL Connected","timestamp":"2024-07-25T13:51:23.322Z"}
{"level":"info","message":"MongoDB Connected","timestamp":"2024-07-25T13:51:23.723Z"}
{"level":"info","message":"Listening on 127.0.0.1:8080","timestamp":"2024-07-25T13:51:23.731Z"}
{"level":"info","message":"Attempting to connect to MongoDB...","timestamp":"2024-07-25T13:51:25.035Z"}
{"level":"info","message":"PostgreSQL Connected","timestamp":"2024-07-25T13:51:25.146Z"}
{"level":"info","message":"MongoDB Connected","timestamp":"2024-07-25T13:51:25.522Z"}
{"level":"info","message":"Listening on 127.0.0.1:8080","timestamp":"2024-07-25T13:51:25.532Z"}
